#-----------------------------------------------------------
# Vivado v2019.1 (64-bit)
# SW Build 2552052 on Fri May 24 14:49:42 MDT 2019
# IP Build 2548770 on Fri May 24 18:01:18 MDT 2019
# Start of session at: Mon Mar 14 20:52:54 2022
# Process ID: 6972
# Current directory: D:/work/dsp_xilinx_ip/build
# Command line: vivado.exe -gui_launcher_event rodinguilauncherevent6876 D:\work\dsp_xilinx_ip\build\dsp.xpr
# Log file: D:/work/dsp_xilinx_ip/build/vivado.log
# Journal file: D:/work/dsp_xilinx_ip/build\vivado.jou
#-----------------------------------------------------------
start_gui
open_project D:/work/dsp_xilinx_ip/build/dsp.xpr
Scanning sources...
Finished scanning sources
INFO: [IP_Flow 19-234] Refreshing IP repositories
INFO: [IP_Flow 19-1704] No user IP repositories specified
INFO: [IP_Flow 19-2313] Loaded Vivado IP repository 'C:/Xilinx/Vivado/2019.1/data/ip'.
open_project: Time (s): cpu = 00:00:15 ; elapsed = 00:00:07 . Memory (MB): peak = 731.551 ; gain = 115.109
update_compile_order -fileset sources_1
update_compile_order -fileset sim_1
exit
INFO: [Common 17-206] Exiting Vivado at Mon Mar 14 20:53:42 2022...
